<?xml version="1.0" encoding="UTF-8"?>
<!-- Generated by org.testng.reporters.JUnitReportReporter -->
<testsuite hostname="Gaurav" failures="0" tests="1" name="endToendAutomationProject.test1" time="0.015" errors="0" timestamp="2022-11-12T10:23:43 IST" skipped="0">
  <testcase classname="endToendAutomationProject.test1" name="test" time="0.015"/>
  <system-out/>
</testsuite> <!-- endToendAutomationProject.test1 -->
