<?xml version="1.0" encoding="UTF-8"?>
<!-- Generated by org.testng.reporters.JUnitReportReporter -->
<testsuite hostname="Gaurav" failures="0" tests="2" name="endToendAutomationProject.Testcases.testLoginPage_001" time="2.039" errors="0" timestamp="2022-11-16T11:56:58 IST" skipped="0">
  <testcase classname="endToendAutomationProject.Testcases.testLoginPage_001" name="loginaccount" time="1.992"/>
  <system-out/>
  <testcase classname="endToendAutomationProject.Testcases.testLoginPage_001" name="newcustlink" time="0.047"/>
  <system-out/>
</testsuite> <!-- endToendAutomationProject.Testcases.testLoginPage_001 -->
